07-Apr-2016 14:13:06.138 INFO [localhost-startStop-1] org.apache.catalina.core.ApplicationContext.log ContextListener: contextInitialized()
07-Apr-2016 14:13:06.138 INFO [localhost-startStop-1] org.apache.catalina.core.ApplicationContext.log SessionListener: contextInitialized()
07-Apr-2016 14:16:46.965 INFO [localhost-startStop-2] org.apache.catalina.core.ApplicationContext.log SessionListener: contextDestroyed()
07-Apr-2016 14:16:46.965 INFO [localhost-startStop-2] org.apache.catalina.core.ApplicationContext.log ContextListener: contextDestroyed()
07-Apr-2016 14:16:51.116 INFO [localhost-startStop-1] org.apache.catalina.core.ApplicationContext.log ContextListener: contextInitialized()
07-Apr-2016 14:16:51.116 INFO [localhost-startStop-1] org.apache.catalina.core.ApplicationContext.log SessionListener: contextInitialized()
07-Apr-2016 14:18:14.167 INFO [localhost-startStop-2] org.apache.catalina.core.ApplicationContext.log SessionListener: contextDestroyed()
07-Apr-2016 14:18:14.167 INFO [localhost-startStop-2] org.apache.catalina.core.ApplicationContext.log ContextListener: contextDestroyed()
07-Apr-2016 14:18:18.264 INFO [localhost-startStop-1] org.apache.catalina.core.ApplicationContext.log ContextListener: contextInitialized()
07-Apr-2016 14:18:18.264 INFO [localhost-startStop-1] org.apache.catalina.core.ApplicationContext.log SessionListener: contextInitialized()
07-Apr-2016 14:18:31.512 INFO [http-nio-8080-exec-1] org.apache.catalina.core.ApplicationContext.log SessionListener: contextDestroyed()
07-Apr-2016 14:18:31.512 INFO [http-nio-8080-exec-1] org.apache.catalina.core.ApplicationContext.log ContextListener: contextDestroyed()
07-Apr-2016 14:18:31.745 INFO [http-nio-8080-exec-1] org.apache.catalina.core.ApplicationContext.log ContextListener: contextInitialized()
07-Apr-2016 14:18:31.745 INFO [http-nio-8080-exec-1] org.apache.catalina.core.ApplicationContext.log SessionListener: contextInitialized()
07-Apr-2016 14:20:34.987 INFO [http-nio-8080-exec-18] org.apache.catalina.core.ApplicationContext.log ContextListener: attributeAdded('org.apache.jasper.runtime.JspApplicationContextImpl', 'org.apache.jasper.runtime.JspApplicationContextImpl@25cb5003')
07-Apr-2016 14:20:34.989 INFO [http-nio-8080-exec-18] org.apache.catalina.core.ApplicationContext.log ContextListener: attributeAdded('org.apache.jasper.compiler.ELInterpreter', 'org.apache.jasper.compiler.ELInterpreterFactory$DefaultELInterpreter@5d71f3d7')
07-Apr-2016 14:20:35.092 INFO [http-nio-8080-exec-18] org.apache.catalina.core.ApplicationContext.log SessionListener: sessionCreated('607DD672F015EB08C0ED2EAC1880C178')
07-Apr-2016 14:20:46.208 INFO [http-nio-8080-exec-12] org.apache.catalina.core.ApplicationContext.log SessionListener: attributeAdded('607DD672F015EB08C0ED2EAC1880C178', 'nickname', 'Sky_Dragonsz')
07-Apr-2016 14:20:46.244 INFO [http-nio-8080-exec-19] org.apache.catalina.core.ApplicationContext.log ChatServlet: Begin for session: 607DD672F015EB08C0ED2EAC1880C178
07-Apr-2016 14:21:06.151 INFO [http-nio-8080-exec-12] org.apache.catalina.core.ApplicationContext.log SessionListener: sessionCreated('29EC133FDA9CCC85123AFFB92A45F0CD')
07-Apr-2016 14:21:12.581 INFO [http-nio-8080-exec-19] org.apache.catalina.core.ApplicationContext.log SessionListener: attributeAdded('29EC133FDA9CCC85123AFFB92A45F0CD', 'nickname', 'Anon')
07-Apr-2016 14:21:12.603 INFO [http-nio-8080-exec-14] org.apache.catalina.core.ApplicationContext.log ChatServlet: Begin for session: 29EC133FDA9CCC85123AFFB92A45F0CD
07-Apr-2016 14:21:39.922 INFO [http-nio-8080-exec-20] org.apache.catalina.core.ApplicationContext.log SessionListener: sessionCreated('BDCE3FE6AFE65CA14E1AD94C1D3B3017')
07-Apr-2016 14:21:45.866 INFO [http-nio-8080-exec-15] org.apache.catalina.core.ApplicationContext.log SessionListener: attributeAdded('BDCE3FE6AFE65CA14E1AD94C1D3B3017', 'nickname', 'Sky_Dragonsz')
07-Apr-2016 14:21:45.882 INFO [http-nio-8080-exec-12] org.apache.catalina.core.ApplicationContext.log ChatServlet: Begin for session: BDCE3FE6AFE65CA14E1AD94C1D3B3017
07-Apr-2016 14:22:12.096 INFO [http-nio-8080-exec-14] org.apache.catalina.core.ApplicationContext.log ChatServlet: End for session: 29EC133FDA9CCC85123AFFB92A45F0CD
07-Apr-2016 14:22:12.097 INFO [http-nio-8080-exec-14] org.apache.catalina.core.ApplicationContext.log ChatServlet: Error for session: 29EC133FDA9CCC85123AFFB92A45F0CD
07-Apr-2016 14:22:12.727 INFO [http-nio-8080-exec-17] org.apache.catalina.core.ApplicationContext.log ChatServlet: End for session: BDCE3FE6AFE65CA14E1AD94C1D3B3017
07-Apr-2016 14:22:12.727 INFO [http-nio-8080-exec-17] org.apache.catalina.core.ApplicationContext.log ChatServlet: Error for session: BDCE3FE6AFE65CA14E1AD94C1D3B3017
07-Apr-2016 14:22:14.097 INFO [http-nio-8080-exec-15] org.apache.catalina.core.ApplicationContext.log ChatServlet: Error for session: 607DD672F015EB08C0ED2EAC1880C178
07-Apr-2016 14:22:26.952 INFO [http-nio-8080-exec-12] org.apache.catalina.core.ApplicationContext.log ChatServlet: Begin for session: 607DD672F015EB08C0ED2EAC1880C178
07-Apr-2016 14:22:32.166 INFO [http-nio-8080-exec-16] org.apache.catalina.core.ApplicationContext.log ChatServlet: End for session: 607DD672F015EB08C0ED2EAC1880C178
07-Apr-2016 14:22:32.168 INFO [http-nio-8080-exec-16] org.apache.catalina.core.ApplicationContext.log ChatServlet: Error for session: 607DD672F015EB08C0ED2EAC1880C178
07-Apr-2016 14:25:04.021 INFO [localhost-startStop-2] org.apache.catalina.core.ApplicationContext.log SessionListener: contextDestroyed()
07-Apr-2016 14:25:04.022 INFO [localhost-startStop-2] org.apache.catalina.core.ApplicationContext.log ContextListener: contextDestroyed()
07-Apr-2016 14:25:08.183 INFO [localhost-startStop-1] org.apache.catalina.core.ApplicationContext.log ContextListener: contextInitialized()
07-Apr-2016 14:25:08.183 INFO [localhost-startStop-1] org.apache.catalina.core.ApplicationContext.log SessionListener: contextInitialized()
07-Apr-2016 14:25:09.587 INFO [http-nio-8080-exec-7] org.apache.catalina.core.ApplicationContext.log ContextListener: attributeAdded('org.apache.jasper.runtime.JspApplicationContextImpl', 'org.apache.jasper.runtime.JspApplicationContextImpl@575b3f36')
07-Apr-2016 14:25:14.792 INFO [http-nio-8080-exec-9] org.apache.catalina.core.ApplicationContext.log ContextListener: attributeAdded('org.apache.jasper.compiler.ELInterpreter', 'org.apache.jasper.compiler.ELInterpreterFactory$DefaultELInterpreter@a6b7e')
07-Apr-2016 14:25:53.364 INFO [http-nio-8080-exec-3] org.apache.catalina.core.ApplicationContext.log SessionListener: sessionDestroyed('B5F8B1A8CB3ED266FEEF9B240ACBDF5A')
07-Apr-2016 14:25:53.365 INFO [http-nio-8080-exec-3] org.apache.catalina.core.ApplicationContext.log SessionListener: attributeRemoved('B5F8B1A8CB3ED266FEEF9B240ACBDF5A', 'nickname', 'Sky_Dragonsz')
07-Apr-2016 14:25:53.371 INFO [http-nio-8080-exec-4] org.apache.catalina.core.ApplicationContext.log SessionListener: sessionCreated('F533F954D42D887D996EFC409129CE38')
07-Apr-2016 14:32:57.494 INFO [localhost-startStop-2] org.apache.catalina.core.ApplicationContext.log SessionListener: contextDestroyed()
07-Apr-2016 14:32:57.494 INFO [localhost-startStop-2] org.apache.catalina.core.ApplicationContext.log ContextListener: contextDestroyed()
07-Apr-2016 14:42:41.169 INFO [localhost-startStop-1] org.apache.catalina.core.ApplicationContext.log ContextListener: contextInitialized()
07-Apr-2016 14:42:41.169 INFO [localhost-startStop-1] org.apache.catalina.core.ApplicationContext.log SessionListener: contextInitialized()
